<?xml version="1.0" encoding="UTF-8"?>
<testsuite xmlns:xsi="http://www.w3.org/2001/XMLSchema-instance" xsi:noNamespaceSchemaLocation="https://maven.apache.org/surefire/maven-surefire-plugin/xsd/surefire-test-report-3.0.xsd" version="3.0" name="com.example.demo.HabitacionControllerTest" time="5.706" tests="2" errors="0" skipped="0" failures="0">
  <properties>
[...]
</properties>
  <testcase name="testObtenerHabitacionApi" classname="com.example.demo.HabitacionControllerTest" time="0.391">
    <system-out><![CDATA[22:24:39.999 [main] INFO org.springframework.test.context.support.AnnotationConfigContextLoaderUtils -- Could not detect default configuration classes for test class [com.example.demo.HabitacionControllerTest]: HabitacionControllerTest does not declare any static, non-private, non-final, nested classes annotated with @Configuration.
22:24:40.255 [main] INFO org.springframework.boot.test.context.SpringBootTestContextBootstrapper -- Found @SpringBootConfiguration com.example.demo.DemoApplication for test class com.example.demo.HabitacionControllerTest
22:24:40.396 [main] INFO org.springframework.boot.devtools.restart.RestartApplicationListener -- Restart disabled due to context in which it is running

  .   ____          _            __ _ _
 /\\ / ___'_ __ _ _(_)_ __  __ _ \ \ \ \
( ( )\___ | '_ | '_| | '_ \/ _` | \ \ \ \
 \\/  ___)| |_)| | | | | || (_| |  ) ) ) )
  '  |____| .__|_| |_|_| |_\__, | / / / /
 =========|_|==============|___/=/_/_/_/

 :: Spring Boot ::               (v3.3.10)

2025-04-22T22:24:40.979-05:00  INFO 33340 --- [           main] c.example.demo.HabitacionControllerTest  : Starting HabitacionControllerTest using Java 21.0.5 with PID 33340 (started by Joshep in C:\Users\Joshep\Desktop\Desarrollo Web Integrado\AvanceProy\demo)
2025-04-22T22:24:40.990-05:00  INFO 33340 --- [           main] c.example.demo.HabitacionControllerTest  : No active profile set, falling back to 1 default profile: "default"
2025-04-22T22:24:43.830-05:00  INFO 33340 --- [           main] o.s.b.a.w.s.WelcomePageHandlerMapping    : Adding welcome page template: index
2025-04-22T22:24:44.419-05:00  INFO 33340 --- [           main] o.s.b.t.m.w.SpringBootMockServletContext : Initializing Spring TestDispatcherServlet ''
2025-04-22T22:24:44.419-05:00  INFO 33340 --- [           main] o.s.t.web.servlet.TestDispatcherServlet  : Initializing Servlet ''
2025-04-22T22:24:44.419-05:00  INFO 33340 --- [           main] o.s.t.web.servlet.TestDispatcherServlet  : Completed initialization in 0 ms
2025-04-22T22:24:44.477-05:00  INFO 33340 --- [           main] c.example.demo.HabitacionControllerTest  : Started HabitacionControllerTest in 4.098 seconds (process running for 5.745)
]]></system-out>
    <system-err><![CDATA[WARNING: A Java agent has been loaded dynamically (C:\Users\Joshep\.m2\repository\net\bytebuddy\byte-buddy-agent\1.14.19\byte-buddy-agent-1.14.19.jar)
WARNING: If a serviceability tool is in use, please run with -XX:+EnableDynamicAgentLoading to hide this warning
WARNING: If a serviceability tool is not in use, please run with -Djdk.instrument.traceUsage for more information
WARNING: Dynamic loading of agents will be disallowed by default in a future release
]]></system-err>
  </testcase>
  <testcase name="testVerHabitaciones" classname="com.example.demo.HabitacionControllerTest" time="0.444">
    <system-out><![CDATA[2025-04-22T22:24:45.151-05:00  WARN 33340 --- [           main] actStandardFragmentInsertionTagProcessor : [THYMELEAF][main][habitaciones] Deprecated unwrapped fragment expression "fragments/header :: header" found in template habitaciones, line 5, col 11. Please use the complete syntax of fragment expressions instead ("~{fragments/header :: header}"). The old, unwrapped syntax for fragment expressions will be removed in future versions of Thymeleaf.
2025-04-22T22:24:45.247-05:00  WARN 33340 --- [           main] actStandardFragmentInsertionTagProcessor : [THYMELEAF][main][habitaciones] Deprecated unwrapped fragment expression "fragments/navbar :: navbar" found in template habitaciones, line 119, col 13. Please use the complete syntax of fragment expressions instead ("~{fragments/navbar :: navbar}"). The old, unwrapped syntax for fragment expressions will be removed in future versions of Thymeleaf.
2025-04-22T22:24:45.340-05:00  WARN 33340 --- [           main] actStandardFragmentInsertionTagProcessor : [THYMELEAF][main][habitaciones] Deprecated unwrapped fragment expression "fragments/footer :: footer" found in template habitaciones, line 173, col 13. Please use the complete syntax of fragment expressions instead ("~{fragments/footer :: footer}"). The old, unwrapped syntax for fragment expressions will be removed in future versions of Thymeleaf.
]]></system-out>
  </testcase>
</testsuite>